Copyright 1986-2022 Xilinx, Inc. All Rights Reserved. Copyright 2022-2023 Advanced Micro Devices, Inc. All Rights Reserved.
---------------------------------------------------------------------------------------------------------------------------------------------
| Tool Version : Vivado v.2023.2 (win64) Build 4029153 Fri Oct 13 20:14:34 MDT 2023
| Date         : Fri Jan  5 11:45:34 2024
| Host         : xyh running 64-bit major release  (build 9200)
| Command      : upgrade_ip
| Device       : xc7z020clg400-2
---------------------------------------------------------------------------------------------------------------------------------------------

Upgrade Log for IP 'cpu_test_bluex_0_0'

1. Summary
----------

SUCCESS in the upgrade of cpu_test_bluex_0_0 (xilinx.com:user:bluex:2.1) from (Rev. 3) to (Rev. 4)






Copyright 1986-2022 Xilinx, Inc. All Rights Reserved. Copyright 2022-2023 Advanced Micro Devices, Inc. All Rights Reserved.
---------------------------------------------------------------------------------------------------------------------------------------------
| Tool Version : Vivado v.2023.2 (win64) Build 4029153 Fri Oct 13 20:14:34 MDT 2023
| Date         : Fri Jan  5 11:33:23 2024
| Host         : xyh running 64-bit major release  (build 9200)
| Command      : upgrade_ip
| Device       : xc7z020clg400-2
---------------------------------------------------------------------------------------------------------------------------------------------

Upgrade Log for IP 'cpu_test_bluex_0_0'

1. Summary
----------

SUCCESS in the upgrade of cpu_test_bluex_0_0 (xilinx.com:user:bluex:2.1) from (Rev. 2) to (Rev. 3)






Copyright 1986-2022 Xilinx, Inc. All Rights Reserved. Copyright 2022-2023 Advanced Micro Devices, Inc. All Rights Reserved.
---------------------------------------------------------------------------------------------------------------------------------------------
| Tool Version : Vivado v.2023.2 (win64) Build 4029153 Fri Oct 13 20:14:34 MDT 2023
| Date         : Fri Jan  5 11:32:10 2024
| Host         : xyh running 64-bit major release  (build 9200)
| Command      : upgrade_ip
| Device       : xc7z020clg400-2
---------------------------------------------------------------------------------------------------------------------------------------------

Upgrade Log for IP 'cpu_test_bluex_0_0'

1. Summary
----------

SUCCESS in the upgrade of cpu_test_bluex_0_0 (xilinx.com:user:bluex:2.1) from (Rev. 1) to (Rev. 2)






Copyright 1986-2022 Xilinx, Inc. All Rights Reserved. Copyright 2022-2023 Advanced Micro Devices, Inc. All Rights Reserved.
---------------------------------------------------------------------------------------------------------------------------------------------
| Tool Version : Vivado v.2023.2 (win64) Build 4029153 Fri Oct 13 20:14:34 MDT 2023
| Date         : Fri Jan  5 10:01:32 2024
| Host         : xyh running 64-bit major release  (build 9200)
| Command      : upgrade_ip
| Device       : xc7z020clg400-2
---------------------------------------------------------------------------------------------------------------------------------------------

Upgrade Log for IP 'bluex_v_2_1_0'

1. Summary
----------

CAUTION (success, with warnings) in the upgrade of bluex_v_2_1_0 from xilinx.com:user:bluex_v_2_1:1.0 (Rev. 3) to xilinx.com:user:bluex_v_2_1:2.1 (Rev. 5)

After upgrade, an IP may have parameter and port differences compared to the original customization. Please review the parameters within the IP customization GUI to ensure proper functionality. Also, please review the updated IP instantiation template to ensure proper connectivity, and update your design if required.

2. Interface Information
------------------------

Detected external interface differences while upgrading 'bluex_v_2_1_0'.


-Upgrade has removed interface 'GPIO_R2R_CON'

-Upgrade has removed interface 'MEM_PORT'

-Upgrade has removed interface 'REG_PORT'

-Upgrade has removed interface 'ROM_PORT'

-Upgrade has added interface 'GPIO' (xilinx.com:interface:gpio:1.0)

-Upgrade has added interface 'MEM_BRAM_PORT' (xilinx.com:interface:bram:1.0)

-Upgrade has added interface 'RAM_BRAM_PORT' (xilinx.com:interface:bram:1.0)

-Upgrade has added interface 'ROM_BRAM_PORT' (xilinx.com:interface:bram:1.0)


3. Connection Warnings
----------------------

Detected external port differences while upgrading 'bluex_v_2_1_0'. These changes may impact your design.


-Upgrade has added port 'ROM_clk'

-Upgrade has added port 'ROM_en'

-Upgrade has added port 'ROM_rst'

-Upgrade has added port 'ROM_we'







Copyright 1986-2022 Xilinx, Inc. All Rights Reserved. Copyright 2022-2023 Advanced Micro Devices, Inc. All Rights Reserved.
---------------------------------------------------------------------------------------------------------------------------------------------
| Tool Version : Vivado v.2023.2 (win64) Build 4029153 Fri Oct 13 20:14:34 MDT 2023
| Date         : Wed Jan  3 16:15:45 2024
| Host         : DESKTOP-50PL36L running 64-bit major release  (build 9200)
| Command      : upgrade_ip
| Device       : xc7z020clg400-2
---------------------------------------------------------------------------------------------------------------------------------------------

Upgrade Log for IP 'bluex_v_2_1_0'

1. Summary
----------

SUCCESS in the update of bluex_v_2_1_0 (xilinx.com:user:bluex_v_2_1:1.0 (Rev. 3)) to current project options.






Copyright 1986-2022 Xilinx, Inc. All Rights Reserved. Copyright 2022-2023 Advanced Micro Devices, Inc. All Rights Reserved.
---------------------------------------------------------------------------------------------------------------------------------------------
| Tool Version : Vivado v.2023.2 (win64) Build 4029153 Fri Oct 13 20:14:34 MDT 2023
| Date         : Sun Dec 31 17:51:37 2023
| Host         : xyh running 64-bit major release  (build 9200)
| Command      : upgrade_ip
| Device       : xc7z020clg400-2
---------------------------------------------------------------------------------------------------------------------------------------------

Upgrade Log for IP 'cpu_test_rgb2lcd_0_0'

1. Summary
----------

CAUTION (success, with warnings) in the upgrade of cpu_test_rgb2lcd_0_0 (www.alientek.com:user:rgb2lcd:1.0) from (Rev. 3) to (Rev. 6)

After upgrade, an IP may have parameter and port differences compared to the original customization. Please review the parameters within the IP customization GUI to ensure proper functionality. Also, please review the updated IP instantiation template to ensure proper connectivity, and update your design if required.

2. Interface Information
------------------------

Detected external interface differences while upgrading 'cpu_test_rgb2lcd_0_0'.


-Upgrade has removed interface 'lcd_id'


3. Connection Warnings
----------------------

Detected external port differences while upgrading 'cpu_test_rgb2lcd_0_0'. These changes may impact your design.


-Upgrade has removed port 'lcd_id_i'

-Upgrade has removed port 'lcd_id_o'

-Upgrade has removed port 'lcd_id_t'







Copyright 1986-2022 Xilinx, Inc. All Rights Reserved. Copyright 2022-2023 Advanced Micro Devices, Inc. All Rights Reserved.
---------------------------------------------------------------------------------------------------------------------------------------------
| Tool Version : Vivado v.2023.2 (win64) Build 4029153 Fri Oct 13 20:14:34 MDT 2023
| Date         : Mon Dec 25 23:43:16 2023
| Host         : xyh running 64-bit major release  (build 9200)
| Command      : upgrade_ip
| Device       : xc7z020clg400-2
---------------------------------------------------------------------------------------------------------------------------------------------

Upgrade Log for IP 'cpu_test_bluex_0_0'

1. Summary
----------

SUCCESS in the update of cpu_test_bluex_0_0 (xilinx.com:user:bluex:1.0 (Rev. 4)) to current project options.






Copyright 1986-2022 Xilinx, Inc. All Rights Reserved. Copyright 2022-2023 Advanced Micro Devices, Inc. All Rights Reserved.
---------------------------------------------------------------------------------------------------------------------------------------------
| Tool Version : Vivado v.2023.2 (win64) Build 4029153 Fri Oct 13 20:14:34 MDT 2023
| Date         : Mon Dec 25 23:41:12 2023
| Host         : xyh running 64-bit major release  (build 9200)
| Command      : upgrade_ip
| Device       : xc7z020clg400-2
---------------------------------------------------------------------------------------------------------------------------------------------

Upgrade Log for IP 'cpu_test_bluex_0_0'

1. Summary
----------

SUCCESS in the upgrade of cpu_test_bluex_0_0 (xilinx.com:user:bluex:1.0) from (Rev. 3) to (Rev. 4)






Copyright 1986-2022 Xilinx, Inc. All Rights Reserved. Copyright 2022-2023 Advanced Micro Devices, Inc. All Rights Reserved.
---------------------------------------------------------------------------------------------------------------------------------------------
| Tool Version : Vivado v.2023.2 (win64) Build 4029153 Fri Oct 13 20:14:34 MDT 2023
| Date         : Mon Dec 25 23:36:09 2023
| Host         : xyh running 64-bit major release  (build 9200)
| Command      : upgrade_ip
| Device       : xc7z020clg400-2
---------------------------------------------------------------------------------------------------------------------------------------------

Upgrade Log for IP 'cpu_test_bluex_0_0'

1. Summary
----------

SUCCESS in the update of cpu_test_bluex_0_0 (xilinx.com:user:bluex:1.0 (Rev. 3)) to current project options.






Copyright 1986-2022 Xilinx, Inc. All Rights Reserved. Copyright 2022-2023 Advanced Micro Devices, Inc. All Rights Reserved.
---------------------------------------------------------------------------------------------------------------------------------------------
| Tool Version : Vivado v.2023.2 (win64) Build 4029153 Fri Oct 13 20:14:34 MDT 2023
| Date         : Mon Dec 25 23:35:38 2023
| Host         : xyh running 64-bit major release  (build 9200)
| Command      : upgrade_ip
| Device       : xc7z020clg400-2
---------------------------------------------------------------------------------------------------------------------------------------------

Upgrade Log for IP 'cpu_test_bluex_0_0'

1. Summary
----------

SUCCESS in the upgrade of cpu_test_bluex_0_0 (xilinx.com:user:bluex:1.0) from (Rev. 2) to (Rev. 3)

